<?xml version="1.0" encoding="UTF-8"?>
<!-- Generated by org.testng.reporters.JUnitReportReporter -->
<testsuite hostname="DESKTOP-O5J900H" failures="0" tests="1" name="clientInterview.CoinMarketUI" time="25.880" errors="0" timestamp="2023-01-16T11:59:00 IST" skipped="0">
  <testcase classname="clientInterview.CoinMarketUI" name="coinMasterApp" time="25.880"/>
  <system-out/>
</testsuite> <!-- clientInterview.CoinMarketUI -->
